<?xml version="1.0" encoding="UTF-8"?>
<testsuite name="com.bridgelabz.MaximumNumberTest" tests="9" skipped="0" failures="0" errors="0" timestamp="2020-04-02T18:04:38" hostname="kirts" time="0.006">
  <properties/>
  <testcase name="givenMaximumStringNumber_WhenAtSecondPosition_ShouldReturnSameNumber" classname="com.bridgelabz.MaximumNumberTest" time="0.002"/>
  <testcase name="givenMaximumStringNumber_WhenAtThirdPosition_ShouldReturnSameNumber" classname="com.bridgelabz.MaximumNumberTest" time="0.0"/>
  <testcase name="givenMaximumFloatNumber_WhenAtSecondPosition_ShouldReturnSameNumber" classname="com.bridgelabz.MaximumNumberTest" time="0.0"/>
  <testcase name="givenMaximumIntegerNumber_WhenAtThirdPosition_ShouldReturnSameNumber" classname="com.bridgelabz.MaximumNumberTest" time="0.0"/>
  <testcase name="givenMaximumIntegerNumber_WhenAtSecondPosition_ShouldReturnSameNumber" classname="com.bridgelabz.MaximumNumberTest" time="0.0"/>
  <testcase name="givenMaximumStringNumber_WhenAtFirstPosition_ShouldReturnSameNumber" classname="com.bridgelabz.MaximumNumberTest" time="0.0"/>
  <testcase name="givenMaximumIntegerNumber_WhenAtFirstPosition_ShouldReturnSameNumber" classname="com.bridgelabz.MaximumNumberTest" time="0.0"/>
  <testcase name="givenMaximumFloatNumber_WhenAtThirdPosition_ShouldReturnSameNumber" classname="com.bridgelabz.MaximumNumberTest" time="0.0"/>
  <testcase name="givenMaximumFloatNumber_WhenAtFirstPosition_ShouldReturnSameNumber" classname="com.bridgelabz.MaximumNumberTest" time="0.0"/>
  <system-out><![CDATA[]]></system-out>
  <system-err><![CDATA[]]></system-err>
</testsuite>
