<?xml version="1.0" encoding="UTF-8"?>
<testsuite name="com.bridgelabz.MaximumNumberTest" tests="9" skipped="0" failures="0" errors="0" timestamp="2020-04-03T03:01:26" hostname="kirts" time="0.025">
  <properties/>
  <testcase name="givenMaximumFloatNumber_WhenMoreThanThree_ShouldReturnSecondNumber" classname="com.bridgelabz.MaximumNumberTest" time="0.016"/>
  <testcase name="givenMaximumFloatNumber_WhenMoreThanThree_ShouldReturnFirstNumber" classname="com.bridgelabz.MaximumNumberTest" time="0.0"/>
  <testcase name="givenMaximumStringNumber_WhenAtThirdPosition_ShouldReturnThirdNumber" classname="com.bridgelabz.MaximumNumberTest" time="0.0"/>
  <testcase name="givenMaximumFloatNumber_WhenMoreThanThree_ShouldReturnThirdNumber" classname="com.bridgelabz.MaximumNumberTest" time="0.0"/>
  <testcase name="givenMaximumStringNumber_WhenMoreThanThree_ShouldReturnFirstNumber" classname="com.bridgelabz.MaximumNumberTest" time="0.001"/>
  <testcase name="givenMaximumStringNumber_WhenMoreThanThree_ShouldReturnSecondNumber" classname="com.bridgelabz.MaximumNumberTest" time="0.001"/>
  <testcase name="givenMaximumIntegerNumber_WhenMoreThanThree_ShouldReturnFirstNumber" classname="com.bridgelabz.MaximumNumberTest" time="0.0"/>
  <testcase name="givenMaximumIntegerNumber_WhenMoreThanThree_ShouldReturnSecondNumber" classname="com.bridgelabz.MaximumNumberTest" time="0.001"/>
  <testcase name="givenMaximumIntegerNumber_WhenMoreThanThree_ShouldReturnThirdNumber" classname="com.bridgelabz.MaximumNumberTest" time="0.001"/>
  <system-out><![CDATA[Maximum Value is:60.0
Maximum Value is:60.0
Maximum Value is:Peach
Maximum Value is:60.0
Maximum Value is:Peach
Maximum Value is:Peach
Maximum Value is:60
Maximum Value is:60
Maximum Value is:60
]]></system-out>
  <system-err><![CDATA[]]></system-err>
</testsuite>
