<?xml version="1.0" encoding="UTF-8"?>
<testsuite name="com.bridgelabz.MaximumNumberTest" tests="1" skipped="0" failures="0" errors="0" timestamp="2020-04-02T17:06:41" hostname="kirts" time="0.003">
  <properties/>
  <testcase name="givenMaximumIntegerNumber_WhenAtSecondPosition_ShouldReturnSameNumber" classname="com.bridgelabz.MaximumNumberTest" time="0.003"/>
  <system-out><![CDATA[]]></system-out>
  <system-err><![CDATA[]]></system-err>
</testsuite>
